Mr. Teacher: Is Alvaro Rivero Bable?
Mr. Teacher: Is Fernando Castro García?
Mr. Teacher: Is Angel Muñoz Herencias?
Mr. Teacher: Is Federico García-Lorca Hernández?
Federico García-Lorca Hernández: Hello Mr. Teacher
Mr. Teacher: Federico García-Lorca Hernández is present
Mr. Teacher: Is Carlos Jesus Barron Jurado?
Carlos Jesus Barron Jurado: Hello Mr. Teacher
Mr. Teacher: Carlos Jesus Barron Jurado is present
Mr. Teacher: Is Victor Manuel Puebla Hernández?
Victor Manuel Puebla Hernández: Hello Mr. Teacher
Mr. Teacher: Victor Manuel Puebla Hernández is present
Mr. Teacher: Is Juan Jose Antequera Flores?
Juan Jose Antequera Flores: Hello Mr. Teacher
Mr. Teacher: Juan Jose Antequera Flores is present
Mr. Teacher: Is Jose Maria Gutierrez Gutierrez?
Jose Maria Gutierrez Gutierrez: Hello Mr. Teacher
Mr. Teacher: Jose Maria Gutierrez Gutierrez is present
Mr. Teacher: Is Jesús Diaz Vico?
Jesús Diaz Vico: Hello Mr. Teacher
Mr. Teacher: Jesús Diaz Vico is present
Mr. Teacher: Is Fernando Robledo Suarez?
Fernando Robledo Suarez: Hello Mr. Teacher
Mr. Teacher: Fernando Robledo Suarez is present
Mr. Teacher: Is Eduardo Parra?
Mr. Teacher: Is Fernando Canto Torres-Muñoz?
